<?xml version="1.0" encoding="UTF-8"?>
<testsuite xmlns:xsi="http://www.w3.org/2001/XMLSchema-instance" xsi:noNamespaceSchemaLocation="https://maven.apache.org/surefire/maven-surefire-plugin/xsd/surefire-test-report.xsd" version="3.0.1" name="model.ExpenseTest" time="0.01" tests="4" errors="0" skipped="0" failures="0">
  <properties>
[...]
</properties>
  <testcase name="testNegativeExpense" classname="model.ExpenseTest" time="0.003"/>
  <testcase name="testSettersAndGetters" classname="model.ExpenseTest" time="0.001"/>
  <testcase name="testExpenseCreation" classname="model.ExpenseTest" time="0.0"/>
  <testcase name="testIsValid" classname="model.ExpenseTest" time="0.0"/>
</testsuite>