<?xml version="1.0" encoding="UTF-8"?>
<testsuite xmlns:xsi="http://www.w3.org/2001/XMLSchema-instance" xsi:noNamespaceSchemaLocation="https://maven.apache.org/surefire/maven-surefire-plugin/xsd/surefire-test-report.xsd" version="3.0.1" name="model.dao.SavingsGoalManagerTest" time="0.635" tests="20" errors="0" skipped="0" failures="0">
  <properties>
[...]
</properties>
  <testcase name="testGetFamilySavingsGoals_Empty" classname="model.dao.SavingsGoalManagerTest" time="0.032"/>
  <testcase name="testAddToSavingsGoal_CompletesGoal" classname="model.dao.SavingsGoalManagerTest" time="0.018"/>
  <testcase name="testAddToSavingsGoal_ExceedsTarget" classname="model.dao.SavingsGoalManagerTest" time="0.0"/>
  <testcase name="testAddToSavingsGoal_MultipleContributions" classname="model.dao.SavingsGoalManagerTest" time="0.005"/>
  <testcase name="testAddToSavingsGoal_NonExistentGoal" classname="model.dao.SavingsGoalManagerTest" time="0.0"/>
  <testcase name="testGetCompletedGoals" classname="model.dao.SavingsGoalManagerTest" time="0.025"/>
  <testcase name="testAddToSavingsGoal_AlreadyCompleted" classname="model.dao.SavingsGoalManagerTest" time="0.002"/>
  <testcase name="testCreateSavingsGoal_NullDescription" classname="model.dao.SavingsGoalManagerTest" time="0.002"/>
  <testcase name="testGetActiveGoalCount" classname="model.dao.SavingsGoalManagerTest" time="0.041"/>
  <testcase name="testDeleteSavingsGoal_Success" classname="model.dao.SavingsGoalManagerTest" time="0.004"/>
  <testcase name="testGetFamilySavingsGoals_MultipleGoals" classname="model.dao.SavingsGoalManagerTest" time="0.043"/>
  <testcase name="testGetTotalSaved" classname="model.dao.SavingsGoalManagerTest" time="0.021"/>
  <testcase name="testAddToSavingsGoal_NegativeAmount" classname="model.dao.SavingsGoalManagerTest" time="0.004"/>
  <testcase name="testCreateSavingsGoal_Success" classname="model.dao.SavingsGoalManagerTest" time="0.006"/>
  <testcase name="testUpdateSavingsGoal_Success" classname="model.dao.SavingsGoalManagerTest" time="0.007"/>
  <testcase name="testGetActiveGoals" classname="model.dao.SavingsGoalManagerTest" time="0.037"/>
  <testcase name="testGetSavingsGoalById_Success" classname="model.dao.SavingsGoalManagerTest" time="0.007"/>
  <testcase name="testAddToSavingsGoal_Success" classname="model.dao.SavingsGoalManagerTest" time="0.001"/>
  <testcase name="testCreateSavingsGoal_NullTargetDate" classname="model.dao.SavingsGoalManagerTest" time="0.0"/>
  <testcase name="testGetSavingsGoalById_NotFound" classname="model.dao.SavingsGoalManagerTest" time="0.0"/>
</testsuite>