<?xml version="1.0" encoding="UTF-8"?>
<testsuite xmlns:xsi="http://www.w3.org/2001/XMLSchema-instance" xsi:noNamespaceSchemaLocation="https://maven.apache.org/surefire/maven-surefire-plugin/xsd/surefire-test-report.xsd" version="3.0.1" name="model.dao.UserManagerTest" time="0.174" tests="22" errors="0" skipped="0" failures="0">
  <properties>
[...]
</properties>
  <testcase name="testAuthenticate_PendingRole" classname="model.dao.UserManagerTest" time="0.008"/>
  <testcase name="testAuthenticate_ValidCredentials" classname="model.dao.UserManagerTest" time="0.002"/>
  <testcase name="testFindByEmail_NotExists" classname="model.dao.UserManagerTest" time="0.001"/>
  <testcase name="testCleanupInactiveUser_NoInactiveUser" classname="model.dao.UserManagerTest" time="0.002"/>
  <testcase name="testGetPendingUsers_NoPending" classname="model.dao.UserManagerTest" time="0.001"/>
  <testcase name="testUpdateUser" classname="model.dao.UserManagerTest" time="0.002"/>
  <testcase name="testFindByEmail_Exists" classname="model.dao.UserManagerTest" time="0.002"/>
  <testcase name="testAuthenticate_WrongPassword" classname="model.dao.UserManagerTest" time="0.001"/>
  <testcase name="testUpdateUserRole" classname="model.dao.UserManagerTest" time="0.001"/>
  <testcase name="testCreateUser_WithNullRole" classname="model.dao.UserManagerTest" time="0.001"/>
  <testcase name="testDeactivateAllFamilyUsers" classname="model.dao.UserManagerTest" time="0.024"/>
  <testcase name="testEmailExists_OnlyActiveUsers" classname="model.dao.UserManagerTest" time="0.014"/>
  <testcase name="testCleanupInactiveUser" classname="model.dao.UserManagerTest" time="0.001"/>
  <testcase name="testUpdatePassword" classname="model.dao.UserManagerTest" time="0.001"/>
  <testcase name="testDeleteUser" classname="model.dao.UserManagerTest" time="0.001"/>
  <testcase name="testUpdateUserRole_AssignPendingRole" classname="model.dao.UserManagerTest" time="0.001"/>
  <testcase name="testGetUsersByFamily" classname="model.dao.UserManagerTest" time="0.058"/>
  <testcase name="testCreateUser_Success" classname="model.dao.UserManagerTest" time="0.001"/>
  <testcase name="testGetPendingUsers" classname="model.dao.UserManagerTest" time="0.03"/>
  <testcase name="testPasswordHashingOnCreation" classname="model.dao.UserManagerTest" time="0.003"/>
  <testcase name="testAuthenticate_NonExistentEmail" classname="model.dao.UserManagerTest" time="0.002"/>
  <testcase name="testCreateUser_DuplicateEmail" classname="model.dao.UserManagerTest" time="0.004"/>
</testsuite>